#
# There is insufficient memory for the Java Runtime Environment to continue.
# Native memory allocation (malloc) failed to allocate 1242656 bytes for Chunk::new
# Possible reasons:
#   The system is out of physical RAM or swap space
#   In 32 bit mode, the process size limit was hit
# Possible solutions:
#   Reduce memory load on the system
#   Increase physical memory or swap space
#   Check if swap backing store is full
#   Use 64 bit Java on a 64 bit OS
#   Decrease Java heap size (-Xmx/-Xms)
#   Decrease number of Java threads
#   Decrease Java thread stack sizes (-Xss)
#   Set larger code cache with -XX:ReservedCodeCacheSize=
# This output file may be truncated or incomplete.
#
#  Out of Memory Error (allocation.cpp:390), pid=3420, tid=11164
#
# JRE version: Java(TM) SE Runtime Environment (8.0_25-b18) (build 1.8.0_25-b18)
# Java VM: Java HotSpot(TM) 64-Bit Server VM (25.25-b02 mixed mode windows-amd64 compressed oops)
# Failed to write core dump. Minidumps are not enabled by default on client versions of Windows
#

---------------  T H R E A D  ---------------

Current thread (0x00000000567b4000):  JavaThread "C2 CompilerThread2" daemon [_thread_in_native, id=11164, stack(0x00000000580e0000,0x00000000581e0000)]

Stack: [0x00000000580e0000,0x00000000581e0000]
Native frames: (J=compiled Java code, j=interpreted, Vv=VM code, C=native code)
V  [jvm.dll+0x31667a]


Current CompileTask:
C2:   3556 1370   !   4       com.android.dx.cf.code.RopperMachine::run (1550 bytes)


---------------  P R O C E S S  ---------------

Java Threads: ( => current thread )
  0x0000000056a9c800 JavaThread "pool-1-thread-4" [_thread_blocked, id=10732, stack(0x0000000058e90000,0x0000000058f90000)]
  0x0000000056a87800 JavaThread "pool-1-thread-3" [_thread_blocked, id=7608, stack(0x0000000057fe0000,0x00000000580e0000)]
  0x0000000056997000 JavaThread "pool-1-thread-2" [_thread_blocked, id=12092, stack(0x0000000058bc0000,0x0000000058cc0000)]
  0x000000005693f800 JavaThread "pool-2-thread-1" [_thread_blocked, id=5812, stack(0x0000000058a00000,0x0000000058b00000)]
  0x0000000056939000 JavaThread "pool-1-thread-1" [_thread_blocked, id=11468, stack(0x00000000587f0000,0x00000000588f0000)]
  0x00000000567bf800 JavaThread "Service Thread" daemon [_thread_blocked, id=8780, stack(0x00000000584c0000,0x00000000585c0000)]
  0x00000000567b5000 JavaThread "C1 CompilerThread3" daemon [_thread_blocked, id=11284, stack(0x00000000582d0000,0x00000000583d0000)]
=>0x00000000567b4000 JavaThread "C2 CompilerThread2" daemon [_thread_in_native, id=11164, stack(0x00000000580e0000,0x00000000581e0000)]
  0x00000000567b0000 JavaThread "C2 CompilerThread1" daemon [_thread_in_native, id=9564, stack(0x0000000057920000,0x0000000057a20000)]
  0x00000000567ab800 JavaThread "C2 CompilerThread0" daemon [_thread_in_native, id=10276, stack(0x0000000057b80000,0x0000000057c80000)]
  0x00000000567a6800 JavaThread "Attach Listener" daemon [_thread_blocked, id=1668, stack(0x0000000057e80000,0x0000000057f80000)]
  0x00000000567a5000 JavaThread "Signal Dispatcher" daemon [_thread_blocked, id=11720, stack(0x0000000057ce0000,0x0000000057de0000)]
  0x00000000557f7000 JavaThread "Finalizer" daemon [_thread_blocked, id=10688, stack(0x0000000057a70000,0x0000000057b70000)]
  0x00000000557f4000 JavaThread "Reference Handler" daemon [_thread_blocked, id=11052, stack(0x00000000576d0000,0x00000000577d0000)]
  0x00000000021c8800 JavaThread "main" [_thread_in_native, id=10836, stack(0x0000000002570000,0x0000000002670000)]

Other Threads:
  0x000000000225b000 VMThread [stack: 0x0000000057800000,0x0000000057900000] [id=11004]
  0x00000000567e9000 WatcherThread [stack: 0x0000000058620000,0x0000000058720000] [id=10892]

VM state:not at safepoint (normal execution)

VM Mutex/Monitor currently owned by a thread: None

Heap:
 PSYoungGen      total 71680K, used 65287K [0x00000000eab00000, 0x00000000ef600000, 0x0000000100000000)
  eden space 66560K, 90% used [0x00000000eab00000,0x00000000ee5c4b30,0x00000000eec00000)
  from space 5120K, 99% used [0x00000000ef100000,0x00000000ef5fd170,0x00000000ef600000)
  to   space 5120K, 0% used [0x00000000eec00000,0x00000000eec00000,0x00000000ef100000)
 ParOldGen       total 87552K, used 6357K [0x00000000c0000000, 0x00000000c5580000, 0x00000000eab00000)
  object space 87552K, 7% used [0x00000000c0000000,0x00000000c06357f0,0x00000000c5580000)
 Metaspace       used 5901K, capacity 6960K, committed 7040K, reserved 1056768K
  class space    used 588K, capacity 616K, committed 640K, reserved 1048576K

Card table byte_map: [0x0000000011d00000,0x0000000011f10000] byte_map_base: 0x0000000011700000

Marking Bits: (ParMarkBitMap*) 0x00000000603fd490
 Begin Bits: [0x0000000012c10000, 0x0000000013c10000)
 End Bits:   [0x0000000013c10000, 0x0000000014c10000)

Polling page: 0x0000000000160000

CodeCache: size=245760Kb used=5416Kb max_used=5416Kb free=240343Kb
 bounds [0x0000000002940000, 0x0000000002e90000, 0x0000000011940000]
 total_blobs=1640 nmethods=1375 adapters=178
 compilation: disabled (not enough contiguous free space left)

Compilation events (10 events):
Event: 2.961 Thread 0x00000000567b5000 1385       2       com.android.dx.ssa.SsaConverter::needsNewSuccessor (53 bytes)
Event: 2.961 Thread 0x00000000567b5000 nmethod 1385 0x0000000002e67750 code [0x0000000002e67900, 0x0000000002e67c18]
Event: 2.963 Thread 0x00000000567b5000 1387       3       com.android.dx.ssa.LocalVariableExtractor::doit (59 bytes)
Event: 2.964 Thread 0x00000000567b5000 nmethod 1387 0x0000000002e4a2d0 code [0x0000000002e4a480, 0x0000000002e4a9c8]
Event: 2.966 Thread 0x00000000567b5000 1388       3       com.android.dx.ssa.DomFront::<init> (60 bytes)
Event: 2.966 Thread 0x00000000567b5000 nmethod 1388 0x0000000002e74fd0 code [0x0000000002e75180, 0x0000000002e757d0]
Event: 2.979 Thread 0x00000000567b5000 1389       3       java.util.concurrent.locks.AbstractQueuedSynchronizer::release (33 bytes)
Event: 2.979 Thread 0x00000000567b5000 nmethod 1389 0x0000000002e75ad0 code [0x0000000002e75c40, 0x0000000002e75f58]
Event: 2.995 Thread 0x00000000567b5000 1390       3       java.util.concurrent.locks.AbstractQueuedSynchronizer::compareAndSetState (13 bytes)
Event: 2.995 Thread 0x00000000567b5000 nmethod 1390 0x0000000002e49f50 code [0x0000000002e4a0a0, 0x0000000002e4a210]

GC Heap History (4 events):
Event: 1.864 GC heap before
{Heap before GC invocations=1 (full 0):
 PSYoungGen      total 38400K, used 33280K [0x00000000eab00000, 0x00000000ed580000, 0x0000000100000000)
  eden space 33280K, 100% used [0x00000000eab00000,0x00000000ecb80000,0x00000000ecb80000)
  from space 5120K, 0% used [0x00000000ed080000,0x00000000ed080000,0x00000000ed580000)
  to   space 5120K, 0% used [0x00000000ecb80000,0x00000000ecb80000,0x00000000ed080000)
 ParOldGen       total 87552K, used 0K [0x00000000c0000000, 0x00000000c5580000, 0x00000000eab00000)
  object space 87552K, 0% used [0x00000000c0000000,0x00000000c0000000,0x00000000c5580000)
 Metaspace       used 5763K, capacity 6832K, committed 7040K, reserved 1056768K
  class space    used 578K, capacity 616K, committed 640K, reserved 1048576K
Event: 2.149 GC heap after
Heap after GC invocations=1 (full 0):
 PSYoungGen      total 38400K, used 5108K [0x00000000eab00000, 0x00000000ef600000, 0x0000000100000000)
  eden space 33280K, 0% used [0x00000000eab00000,0x00000000eab00000,0x00000000ecb80000)
  from space 5120K, 99% used [0x00000000ecb80000,0x00000000ed07d178,0x00000000ed080000)
  to   space 5120K, 0% used [0x00000000ef100000,0x00000000ef100000,0x00000000ef600000)
 ParOldGen       total 87552K, used 1681K [0x00000000c0000000, 0x00000000c5580000, 0x00000000eab00000)
  object space 87552K, 1% used [0x00000000c0000000,0x00000000c01a4768,0x00000000c5580000)
 Metaspace       used 5763K, capacity 6832K, committed 7040K, reserved 1056768K
  class space    used 578K, capacity 616K, committed 640K, reserved 1048576K
}
Event: 2.628 GC heap before
{Heap before GC invocations=2 (full 0):
 PSYoungGen      total 38400K, used 38388K [0x00000000eab00000, 0x00000000ef600000, 0x0000000100000000)
  eden space 33280K, 100% used [0x00000000eab00000,0x00000000ecb80000,0x00000000ecb80000)
  from space 5120K, 99% used [0x00000000ecb80000,0x00000000ed07d178,0x00000000ed080000)
  to   space 5120K, 0% used [0x00000000ef100000,0x00000000ef100000,0x00000000ef600000)
 ParOldGen       total 87552K, used 1681K [0x00000000c0000000, 0x00000000c5580000, 0x00000000eab00000)
  object space 87552K, 1% used [0x00000000c0000000,0x00000000c01a4768,0x00000000c5580000)
 Metaspace       used 5854K, capacity 6896K, committed 7040K, reserved 1056768K
  class space    used 586K, capacity 616K, committed 640K, reserved 1048576K
Event: 2.891 GC heap after
Heap after GC invocations=2 (full 0):
 PSYoungGen      total 71680K, used 5108K [0x00000000eab00000, 0x00000000ef600000, 0x0000000100000000)
  eden space 66560K, 0% used [0x00000000eab00000,0x00000000eab00000,0x00000000eec00000)
  from space 5120K, 99% used [0x00000000ef100000,0x00000000ef5fd170,0x00000000ef600000)
  to   space 5120K, 0% used [0x00000000eec00000,0x00000000eec00000,0x00000000ef100000)
 ParOldGen       total 87552K, used 6357K [0x00000000c0000000, 0x00000000c5580000, 0x00000000eab00000)
  object space 87552K, 7% used [0x00000000c0000000,0x00000000c06357f0,0x00000000c5580000)
 Metaspace       used 5854K, capacity 6896K, committed 7040K, reserved 1056768K
  class space    used 586K, capacity 616K, committed 640K, reserved 1048576K
}

Deoptimization events (8 events):
Event: 1.115 Thread 0x0000000056a87800 Uncommon trap: reason=unreached action=reinterpret pc=0x0000000002c064ac method=java.util.HashMap.putVal(ILjava/lang/Object;Ljava/lang/Object;ZZ)Ljava/lang/Object; @ 193
Event: 2.309 Thread 0x0000000056a9c800 Uncommon trap: reason=unreached action=reinterpret pc=0x0000000002d94da8 method=com.android.dx.rop.code.RegisterSpec.equals(ILcom/android/dx/rop/type/TypeBearer;Lcom/android/dx/rop/code/LocalItem;)Z @ 24
Event: 2.311 Thread 0x0000000056a9c800 Uncommon trap: reason=unloaded action=reinterpret pc=0x0000000002bf8770 method=com.android.dx.ssa.SsaRenamer$BlockRenamer.visitMoveInsn(Lcom/android/dx/ssa/NormalSsaInsn;)V @ 208
Event: 2.317 Thread 0x0000000056a9c800 Uncommon trap: reason=unreached action=reinterpret pc=0x0000000002ba62a0 method=com.android.dx.rop.code.RegisterSpec.equals(ILcom/android/dx/rop/type/TypeBearer;Lcom/android/dx/rop/code/LocalItem;)Z @ 24
Event: 2.545 Thread 0x0000000056a9c800 Uncommon trap: reason=class_check action=maybe_recompile pc=0x0000000002c1a278 method=com.android.dx.ssa.NormalSsaInsn.accept(Lcom/android/dx/ssa/SsaInsn$Visitor;)V @ 9
Event: 2.545 Thread 0x0000000056a9c800 Uncommon trap: reason=class_check action=maybe_recompile pc=0x0000000002c1a278 method=com.android.dx.ssa.NormalSsaInsn.accept(Lcom/android/dx/ssa/SsaInsn$Visitor;)V @ 9
Event: 2.546 Thread 0x0000000056a9c800 Uncommon trap: reason=class_check action=maybe_recompile pc=0x0000000002c1a278 method=com.android.dx.ssa.NormalSsaInsn.accept(Lcom/android/dx/ssa/SsaInsn$Visitor;)V @ 9
Event: 2.546 Thread 0x0000000056a9c800 Uncommon trap: reason=class_check action=maybe_recompile pc=0x0000000002c1a278 method=com.android.dx.ssa.NormalSsaInsn.accept(Lcom/android/dx/ssa/SsaInsn$Visitor;)V @ 9

Internal exceptions (10 events):
Event: 2.275 Thread 0x00000000021c8800 Exception <a 'java/security/PrivilegedActionException'> (0x00000000eaff82a0) thrown at [D:\re\workspace\8-2-build-windows-amd64-cygwin\jdk8u25\1677\hotspot\src\share\vm\prims\jvm.cpp, line 1312]
Event: 2.276 Thread 0x00000000021c8800 Exception <a 'java/security/PrivilegedActionException'> (0x00000000eaffac40) thrown at [D:\re\workspace\8-2-build-windows-amd64-cygwin\jdk8u25\1677\hotspot\src\share\vm\prims\jvm.cpp, line 1312]
Event: 2.306 Thread 0x0000000056a9c800 Exception <a 'java/security/PrivilegedActionException'> (0x00000000eae729f8) thrown at [D:\re\workspace\8-2-build-windows-amd64-cygwin\jdk8u25\1677\hotspot\src\share\vm\prims\jvm.cpp, line 1312]
Event: 2.314 Thread 0x0000000056a9c800 Exception <a 'java/security/PrivilegedActionException'> (0x00000000eb131ca8) thrown at [D:\re\workspace\8-2-build-windows-amd64-cygwin\jdk8u25\1677\hotspot\src\share\vm\prims\jvm.cpp, line 1312]
Event: 2.315 Thread 0x0000000056a9c800 Exception <a 'java/security/PrivilegedActionException'> (0x00000000eb1376f0) thrown at [D:\re\workspace\8-2-build-windows-amd64-cygwin\jdk8u25\1677\hotspot\src\share\vm\prims\jvm.cpp, line 1312]
Event: 2.316 Thread 0x0000000056a9c800 Exception <a 'java/security/PrivilegedActionException'> (0x00000000eb13e1f8) thrown at [D:\re\workspace\8-2-build-windows-amd64-cygwin\jdk8u25\1677\hotspot\src\share\vm\prims\jvm.cpp, line 1312]
Event: 2.415 Thread 0x0000000056a9c800 Exception <a 'java/security/PrivilegedActionException'> (0x00000000ebdc4a38) thrown at [D:\re\workspace\8-2-build-windows-amd64-cygwin\jdk8u25\1677\hotspot\src\share\vm\prims\jvm.cpp, line 1312]
Event: 2.450 Thread 0x0000000056a9c800 Exception <a 'java/security/PrivilegedActionException'> (0x00000000ebe2c378) thrown at [D:\re\workspace\8-2-build-windows-amd64-cygwin\jdk8u25\1677\hotspot\src\share\vm\prims\jvm.cpp, line 1312]
Event: 2.994 Thread 0x00000000021c8800 Exception <a 'java/security/PrivilegedActionException'> (0x00000000eb8a6d08) thrown at [D:\re\workspace\8-2-build-windows-amd64-cygwin\jdk8u25\1677\hotspot\src\share\vm\prims\jvm.cpp, line 1312]
Event: 2.994 Thread 0x00000000021c8800 Exception <a 'java/security/PrivilegedActionException'> (0x00000000eb8ac858) thrown at [D:\re\workspace\8-2-build-windows-amd64-cygwin\jdk8u25\1677\hotspot\src\share\vm\prims\jvm.cpp, line 1312]

Events (10 events):
Event: 2.626 Executing VM operation: ParallelGCFailedAllocation
Event: 2.891 Executing VM operation: ParallelGCFailedAllocation done
Event: 2.957 Thread 0x0000000056939000 DEOPT PACKING pc=0x0000000002c15c21 sp=0x00000000588eec70
Event: 2.957 Thread 0x0000000056939000 DEOPT UNPACKING pc=0x00000000029875bf sp=0x00000000588ee968 mode 0
Event: 2.960 Thread 0x0000000056939000 DEOPT PACKING pc=0x0000000002befee4 sp=0x00000000588eec00
Event: 2.960 Thread 0x0000000056939000 DEOPT UNPACKING pc=0x00000000029875bf sp=0x00000000588ee918 mode 0
Event: 2.993 loading class com/android/dx/cf/direct/DirectClassFile$DcfTypeList
Event: 2.993 loading class com/android/dx/cf/direct/DirectClassFile$DcfTypeList done
Event: 2.994 loading class com/android/dx/cf/attrib/AttEnclosingMethod
Event: 2.994 loading class com/android/dx/cf/attrib/AttEnclosingMethod done


Dynamic libraries:
0x000000013f800000 - 0x000000013f834000 	C:\Program Files\Java\jdk1.8.0_25\bin\java.exe
0x0000000077140000 - 0x00000000772ea000 	C:\Windows\SYSTEM32\ntdll.dll
0x000007feefb50000 - 0x000007feefb83000 	C:\Program Files (x86)\AVG\Av\avghooka.dll
0x0000000077020000 - 0x000000007713f000 	C:\Windows\system32\kernel32.dll
0x000007fefd130000 - 0x000007fefd19a000 	C:\Windows\system32\KERNELBASE.dll
0x000007fefd2b0000 - 0x000007fefd38b000 	C:\Windows\system32\ADVAPI32.dll
0x000007fefe6c0000 - 0x000007fefe75f000 	C:\Windows\system32\msvcrt.dll
0x000007feff200000 - 0x000007feff21f000 	C:\Windows\SYSTEM32\sechost.dll
0x000007fefe970000 - 0x000007fefea9d000 	C:\Windows\system32\RPCRT4.dll
0x0000000076f20000 - 0x000000007701a000 	C:\Windows\system32\USER32.dll
0x000007fefeb40000 - 0x000007fefeba7000 	C:\Windows\system32\GDI32.dll
0x000007fefee40000 - 0x000007fefee4e000 	C:\Windows\system32\LPK.dll
0x000007feff130000 - 0x000007feff1fa000 	C:\Windows\system32\USP10.dll
0x000007fefb310000 - 0x000007fefb504000 	C:\Windows\WinSxS\amd64_microsoft.windows.common-controls_6595b64144ccf1df_6.0.7601.18837_none_fa3b1e3d17594757\COMCTL32.dll
0x000007fefedc0000 - 0x000007fefee31000 	C:\Windows\system32\SHLWAPI.dll
0x000007fefe760000 - 0x000007fefe78e000 	C:\Windows\system32\IMM32.DLL
0x000007feff340000 - 0x000007feff449000 	C:\Windows\system32\MSCTF.dll
0x000007fefcda0000 - 0x000007fefcdd1000 	C:\Windows\system32\nvinitx.dll
0x000007fefcd90000 - 0x000007fefcd9c000 	C:\Windows\system32\VERSION.dll
0x0000000074200000 - 0x0000000074206000 	C:\Program Files\NVIDIA Corporation\CoProcManager\detoured.dll
0x000007fef92f0000 - 0x000007fef9322000 	C:\Program Files\NVIDIA Corporation\CoProcManager\nvd3d9wrapx.dll
0x000007fefe790000 - 0x000007fefe967000 	C:\Windows\system32\SETUPAPI.dll
0x000007fefd1d0000 - 0x000007fefd206000 	C:\Windows\system32\CFGMGR32.dll
0x000007fefd850000 - 0x000007fefd92a000 	C:\Windows\system32\OLEAUT32.dll
0x000007fefebb0000 - 0x000007fefedb3000 	C:\Windows\system32\ole32.dll
0x000007fefd1a0000 - 0x000007fefd1ba000 	C:\Windows\system32\DEVOBJ.dll
0x000007fef92c0000 - 0x000007fef92e2000 	C:\Program Files\NVIDIA Corporation\CoProcManager\nvdxgiwrapx.dll
0x000000006ec30000 - 0x000000006ed02000 	C:\Program Files\Java\jdk1.8.0_25\jre\bin\msvcr100.dll
0x000000005fc20000 - 0x000000006047a000 	C:\Program Files\Java\jdk1.8.0_25\jre\bin\server\jvm.dll
0x000007fef0160000 - 0x000007fef0169000 	C:\Windows\system32\WSOCK32.dll
0x000007fefd390000 - 0x000007fefd3dd000 	C:\Windows\system32\WS2_32.dll
0x000007fefee50000 - 0x000007fefee58000 	C:\Windows\system32\NSI.dll
0x000007fefa9c0000 - 0x000007fefa9fb000 	C:\Windows\system32\WINMM.dll
0x0000000077300000 - 0x0000000077307000 	C:\Windows\system32\PSAPI.DLL
0x000000006ed70000 - 0x000000006ed7f000 	C:\Program Files\Java\jdk1.8.0_25\jre\bin\verify.dll
0x000000006ebb0000 - 0x000000006ebd8000 	C:\Program Files\Java\jdk1.8.0_25\jre\bin\java.dll
0x000000006ed10000 - 0x000000006ed26000 	C:\Program Files\Java\jdk1.8.0_25\jre\bin\zip.dll
0x000007fefd930000 - 0x000007fefe6bc000 	C:\Windows\system32\SHELL32.dll
0x000007fefce80000 - 0x000007fefce8f000 	C:\Windows\system32\profapi.dll
0x000007fefb150000 - 0x000007fefb275000 	C:\Windows\system32\dbghelp.dll

VM Arguments:
jvm_args: -Djava.awt.headless=true -Xmx1024M -Dfile.encoding=windows-1252 -Duser.country=US -Duser.language=en -Duser.variant 
java_command: com.android.dx.command.Main --dex --force-jumbo --num-threads=4 --output D:\Media Pembelajaran\Project\Code Margonda\Resep Ku\app\build\intermediates\pre-dexed\debug\main_42c73e64c86828eea42b5890e726d525ef4a5647.jar D:\Media Pembelajaran\Project\Code Margonda\Resep Ku\app\build\intermediates\transforms\instantRun\debug\folders\1\5\main
java_class_path (initial): D:\Application\Development\AndroidBundle\sdk\build-tools\24.0.1\lib\dx.jar
Launcher Type: SUN_STANDARD

Environment Variables:
JAVA_HOME=C:\Program Files\Java\jdk1.8.0_25
CLASSPATH=C:\Program Files\Java\jdk1.8.0_25\jre\lib
USERNAME=Jefri Yushendri
LD_LIBRARY_PATH=/usr/lib/x86:/usr/X11R6/lib
DISPLAY=localhost:0.0
OS=Windows_NT
PROCESSOR_IDENTIFIER=Intel64 Family 6 Model 58 Stepping 9, GenuineIntel



---------------  S Y S T E M  ---------------

OS: Windows 7 , 64 bit Build 7601 Service Pack 1

CPU:total 8 (4 cores per cpu, 2 threads per core) family 6 model 58 stepping 9, cmov, cx8, fxsr, mmx, sse, sse2, sse3, ssse3, sse4.1, sse4.2, popcnt, avx, aes, clmul, erms, ht, tsc, tscinvbit, tscinv

Memory: 4k page, physical 8271300k(414916k free), swap 12601536k(3808k free)

vm_info: Java HotSpot(TM) 64-Bit Server VM (25.25-b02) for windows-amd64 JRE (1.8.0_25-b18), built on Oct  7 2014 14:25:37 by "java_re" with MS VC++ 10.0 (VS2010)

time: Mon Sep 19 13:18:21 2016
elapsed time: 3 seconds (0d 0h 0m 3s)

